<?xml version="1.0" encoding="UTF-8"?>
<testsuite xmlns:xsi="http://www.w3.org/2001/XMLSchema-instance" xsi:noNamespaceSchemaLocation="https://maven.apache.org/surefire/maven-surefire-plugin/xsd/surefire-test-report.xsd" version="3.0.1" name="com.bazar.AppTest" time="0.035" tests="1" errors="0" skipped="0" failures="0">
  <properties>
    <property name="java.specification.version" value="23"/>
    <property name="sun.cpu.isalist" value="amd64"/>
    <property name="sun.jnu.encoding" value="Cp1252"/>
    <property name="java.class.path" value="C:\personal\subjects\bazar-microservices\order-server\target\test-classes;C:\personal\subjects\bazar-microservices\order-server\target\classes;C:\Users\DANA\.m2\repository\org\junit\jupiter\junit-jupiter-api\5.11.0\junit-jupiter-api-5.11.0.jar;C:\Users\DANA\.m2\repository\org\opentest4j\opentest4j\1.3.0\opentest4j-1.3.0.jar;C:\Users\DANA\.m2\repository\org\junit\platform\junit-platform-commons\1.11.0\junit-platform-commons-1.11.0.jar;C:\Users\DANA\.m2\repository\org\apiguardian\apiguardian-api\1.1.2\apiguardian-api-1.1.2.jar;C:\Users\DANA\.m2\repository\org\junit\jupiter\junit-jupiter-params\5.11.0\junit-jupiter-params-5.11.0.jar;C:\Users\DANA\.m2\repository\com\sparkjava\spark-core\2.9.4\spark-core-2.9.4.jar;C:\Users\DANA\.m2\repository\org\eclipse\jetty\jetty-server\9.4.48.v20220622\jetty-server-9.4.48.v20220622.jar;C:\Users\DANA\.m2\repository\javax\servlet\javax.servlet-api\3.1.0\javax.servlet-api-3.1.0.jar;C:\Users\DANA\.m2\repository\org\eclipse\jetty\jetty-http\9.4.48.v20220622\jetty-http-9.4.48.v20220622.jar;C:\Users\DANA\.m2\repository\org\eclipse\jetty\jetty-util\9.4.48.v20220622\jetty-util-9.4.48.v20220622.jar;C:\Users\DANA\.m2\repository\org\eclipse\jetty\jetty-io\9.4.48.v20220622\jetty-io-9.4.48.v20220622.jar;C:\Users\DANA\.m2\repository\org\eclipse\jetty\jetty-webapp\9.4.48.v20220622\jetty-webapp-9.4.48.v20220622.jar;C:\Users\DANA\.m2\repository\org\eclipse\jetty\jetty-xml\9.4.48.v20220622\jetty-xml-9.4.48.v20220622.jar;C:\Users\DANA\.m2\repository\org\eclipse\jetty\jetty-servlet\9.4.48.v20220622\jetty-servlet-9.4.48.v20220622.jar;C:\Users\DANA\.m2\repository\org\eclipse\jetty\jetty-security\9.4.48.v20220622\jetty-security-9.4.48.v20220622.jar;C:\Users\DANA\.m2\repository\org\eclipse\jetty\jetty-util-ajax\9.4.48.v20220622\jetty-util-ajax-9.4.48.v20220622.jar;C:\Users\DANA\.m2\repository\org\eclipse\jetty\websocket\websocket-server\9.4.48.v20220622\websocket-server-9.4.48.v20220622.jar;C:\Users\DANA\.m2\repository\org\eclipse\jetty\websocket\websocket-common\9.4.48.v20220622\websocket-common-9.4.48.v20220622.jar;C:\Users\DANA\.m2\repository\org\eclipse\jetty\websocket\websocket-client\9.4.48.v20220622\websocket-client-9.4.48.v20220622.jar;C:\Users\DANA\.m2\repository\org\eclipse\jetty\jetty-client\9.4.48.v20220622\jetty-client-9.4.48.v20220622.jar;C:\Users\DANA\.m2\repository\org\eclipse\jetty\websocket\websocket-servlet\9.4.48.v20220622\websocket-servlet-9.4.48.v20220622.jar;C:\Users\DANA\.m2\repository\org\eclipse\jetty\websocket\websocket-api\9.4.48.v20220622\websocket-api-9.4.48.v20220622.jar;C:\Users\DANA\.m2\repository\com\google\code\gson\gson\2.10.1\gson-2.10.1.jar;C:\Users\DANA\.m2\repository\org\slf4j\slf4j-api\1.7.32\slf4j-api-1.7.32.jar;C:\Users\DANA\.m2\repository\ch\qos\logback\logback-classic\1.2.6\logback-classic-1.2.6.jar;C:\Users\DANA\.m2\repository\ch\qos\logback\logback-core\1.2.6\logback-core-1.2.6.jar;"/>
    <property name="java.vm.vendor" value="Oracle Corporation"/>
    <property name="sun.arch.data.model" value="64"/>
    <property name="user.variant" value=""/>
    <property name="java.vendor.url" value="https://java.oracle.com/"/>
    <property name="user.timezone" value="Asia/Jerusalem"/>
    <property name="os.name" value="Windows 11"/>
    <property name="java.vm.specification.version" value="23"/>
    <property name="sun.java.launcher" value="SUN_STANDARD"/>
    <property name="user.country" value="US"/>
    <property name="sun.boot.library.path" value="C:\Program Files\Java\jdk-23\bin"/>
    <property name="sun.java.command" value="C:\Users\DANA\AppData\Local\Temp\surefire3406533029474615799\surefirebooter-20250409165809539_3.jar C:\Users\DANA\AppData\Local\Temp\surefire3406533029474615799 2025-04-09T16-58-09_443-jvmRun1 surefire-20250409165809539_1tmp surefire_0-20250409165809539_2tmp"/>
    <property name="jdk.debug" value="release"/>
    <property name="surefire.test.class.path" value="C:\personal\subjects\bazar-microservices\order-server\target\test-classes;C:\personal\subjects\bazar-microservices\order-server\target\classes;C:\Users\DANA\.m2\repository\org\junit\jupiter\junit-jupiter-api\5.11.0\junit-jupiter-api-5.11.0.jar;C:\Users\DANA\.m2\repository\org\opentest4j\opentest4j\1.3.0\opentest4j-1.3.0.jar;C:\Users\DANA\.m2\repository\org\junit\platform\junit-platform-commons\1.11.0\junit-platform-commons-1.11.0.jar;C:\Users\DANA\.m2\repository\org\apiguardian\apiguardian-api\1.1.2\apiguardian-api-1.1.2.jar;C:\Users\DANA\.m2\repository\org\junit\jupiter\junit-jupiter-params\5.11.0\junit-jupiter-params-5.11.0.jar;C:\Users\DANA\.m2\repository\com\sparkjava\spark-core\2.9.4\spark-core-2.9.4.jar;C:\Users\DANA\.m2\repository\org\eclipse\jetty\jetty-server\9.4.48.v20220622\jetty-server-9.4.48.v20220622.jar;C:\Users\DANA\.m2\repository\javax\servlet\javax.servlet-api\3.1.0\javax.servlet-api-3.1.0.jar;C:\Users\DANA\.m2\repository\org\eclipse\jetty\jetty-http\9.4.48.v20220622\jetty-http-9.4.48.v20220622.jar;C:\Users\DANA\.m2\repository\org\eclipse\jetty\jetty-util\9.4.48.v20220622\jetty-util-9.4.48.v20220622.jar;C:\Users\DANA\.m2\repository\org\eclipse\jetty\jetty-io\9.4.48.v20220622\jetty-io-9.4.48.v20220622.jar;C:\Users\DANA\.m2\repository\org\eclipse\jetty\jetty-webapp\9.4.48.v20220622\jetty-webapp-9.4.48.v20220622.jar;C:\Users\DANA\.m2\repository\org\eclipse\jetty\jetty-xml\9.4.48.v20220622\jetty-xml-9.4.48.v20220622.jar;C:\Users\DANA\.m2\repository\org\eclipse\jetty\jetty-servlet\9.4.48.v20220622\jetty-servlet-9.4.48.v20220622.jar;C:\Users\DANA\.m2\repository\org\eclipse\jetty\jetty-security\9.4.48.v20220622\jetty-security-9.4.48.v20220622.jar;C:\Users\DANA\.m2\repository\org\eclipse\jetty\jetty-util-ajax\9.4.48.v20220622\jetty-util-ajax-9.4.48.v20220622.jar;C:\Users\DANA\.m2\repository\org\eclipse\jetty\websocket\websocket-server\9.4.48.v20220622\websocket-server-9.4.48.v20220622.jar;C:\Users\DANA\.m2\repository\org\eclipse\jetty\websocket\websocket-common\9.4.48.v20220622\websocket-common-9.4.48.v20220622.jar;C:\Users\DANA\.m2\repository\org\eclipse\jetty\websocket\websocket-client\9.4.48.v20220622\websocket-client-9.4.48.v20220622.jar;C:\Users\DANA\.m2\repository\org\eclipse\jetty\jetty-client\9.4.48.v20220622\jetty-client-9.4.48.v20220622.jar;C:\Users\DANA\.m2\repository\org\eclipse\jetty\websocket\websocket-servlet\9.4.48.v20220622\websocket-servlet-9.4.48.v20220622.jar;C:\Users\DANA\.m2\repository\org\eclipse\jetty\websocket\websocket-api\9.4.48.v20220622\websocket-api-9.4.48.v20220622.jar;C:\Users\DANA\.m2\repository\com\google\code\gson\gson\2.10.1\gson-2.10.1.jar;C:\Users\DANA\.m2\repository\org\slf4j\slf4j-api\1.7.32\slf4j-api-1.7.32.jar;C:\Users\DANA\.m2\repository\ch\qos\logback\logback-classic\1.2.6\logback-classic-1.2.6.jar;C:\Users\DANA\.m2\repository\ch\qos\logback\logback-core\1.2.6\logback-core-1.2.6.jar;"/>
    <property name="sun.cpu.endian" value="little"/>
    <property name="user.home" value="C:\Users\DANA"/>
    <property name="user.language" value="en"/>
    <property name="java.specification.vendor" value="Oracle Corporation"/>
    <property name="java.version.date" value="2024-10-15"/>
    <property name="java.home" value="C:\Program Files\Java\jdk-23"/>
    <property name="file.separator" value="\"/>
    <property name="basedir" value="C:\personal\subjects\bazar-microservices\order-server"/>
    <property name="java.vm.compressedOopsMode" value="Zero based"/>
    <property name="line.separator" value="&#10;"/>
    <property name="java.vm.specification.vendor" value="Oracle Corporation"/>
    <property name="java.specification.name" value="Java Platform API Specification"/>
    <property name="surefire.real.class.path" value="C:\Users\DANA\AppData\Local\Temp\surefire3406533029474615799\surefirebooter-20250409165809539_3.jar"/>
    <property name="user.script" value=""/>
    <property name="sun.management.compiler" value="HotSpot 64-Bit Tiered Compilers"/>
    <property name="java.runtime.version" value="23.0.1+11-39"/>
    <property name="user.name" value="DANA"/>
    <property name="stdout.encoding" value="Cp1252"/>
    <property name="path.separator" value=";"/>
    <property name="os.version" value="10.0"/>
    <property name="java.runtime.name" value="Java(TM) SE Runtime Environment"/>
    <property name="file.encoding" value="UTF-8"/>
    <property name="java.vm.name" value="Java HotSpot(TM) 64-Bit Server VM"/>
    <property name="localRepository" value="C:\Users\DANA\.m2\repository"/>
    <property name="java.vendor.url.bug" value="https://bugreport.java.com/bugreport/"/>
    <property name="java.io.tmpdir" value="C:\Users\DANA\AppData\Local\Temp\"/>
    <property name="java.version" value="23.0.1"/>
    <property name="user.dir" value="C:\personal\subjects\bazar-microservices\order-server"/>
    <property name="os.arch" value="amd64"/>
    <property name="java.vm.specification.name" value="Java Virtual Machine Specification"/>
    <property name="sun.os.patch.level" value=""/>
    <property name="native.encoding" value="Cp1252"/>
    <property name="java.library.path" value="C:\Program Files\Java\jdk-23\bin;C:\Windows\Sun\Java\bin;C:\Windows\system32;C:\Windows;C:\Python313\Scripts\;C:\Python313\;C:\Program Files\Common Files\Oracle\Java\javapath;C:\Program Files\Python312\Scripts\;C:\Program Files\Python312\;C:\Windows\system32;C:\Windows;C:\Windows\System32\Wbem;C:\Windows\System32\WindowsPowerShell\v1.0\;C:\Windows\System32\OpenSSH\;C:\Program Files\PuTTY\;C:\Program Files\Microchip\xc8\v2.46\bin;C:\Program Files\Microchip\xc-dsc\v3.10\bin;C:\Program Files\Microchip\xc16\v2.10\bin;C:\Program Files (x86)\Microchip\xc8\v1.45\bin;C:\Program Files\dotnet\;C:\Program Files\Git\cmd;C:\Program Files\Docker\Docker\resources\bin;C:\Program Files\nodejs\;C:\ProgramData\chocolatey\bin;C:\Program Files\MySQL\MySQL Shell 8.0\bin\;C:\Users\DANA\AppData\Local\Microsoft\WindowsApps;C:\Program Files\JetBrains\IntelliJ IDEA 2024.2.2\bin;;C:\Program Files\JetBrains\IntelliJ IDEA Community Edition 2024.2.2\bin;;C:\flutter\src\flutter\bin;C:\Program Files\JetBrains\PyCharm 2024.2.4\bin;;C:\Program Files\MongoDB\Server\8.0\bin;C:\Users\DANA\Downloads\apache-maven-3.9.9-bin\apache-maven-3.9.9\bin;C:\Program Files\Java\jdk-23\bin;C:\Users\DANA\AppData\Local\Programs\Microsoft VS Code\bin;C:\Gradle\gradle-8.7\bin;C:\Users\DANA\AppData\Local\Pub\Cache\bin;;C:\Program Files\JetBrains\CLion 2024.3.4\bin;;C:\Users\DANA\AppData\Local\Microsoft\WinGet\Links;C:\Users\DANA\AppData\Roaming\npm;."/>
    <property name="java.vm.info" value="mixed mode, sharing"/>
    <property name="stderr.encoding" value="Cp1252"/>
    <property name="java.vendor" value="Oracle Corporation"/>
    <property name="java.vm.version" value="23.0.1+11-39"/>
    <property name="sun.io.unicode.encoding" value="UnicodeLittle"/>
    <property name="java.class.version" value="67.0"/>
  </properties>
  <testcase name="shouldAnswerWithTrue" classname="com.bazar.AppTest" time="0.018"/>
</testsuite>